<?xml version="1.0" encoding="UTF-8"?>
<!-- Generated by org.testng.reporters.JUnitReportReporter -->
<testsuite hostname="Venkatesh" failures="0" tests="1" name="testcases.TC004_MedicareTest" time="12.930" errors="0" timestamp="2024-07-25T07:57:27 IST" skipped="0">
  <testcase classname="testcases.TC004_MedicareTest" name="MedicareProgramValidation" time="12.930"/>
</testsuite> <!-- testcases.TC004_MedicareTest -->
