<?xml version="1.0" encoding="UTF-8"?>
<!-- Generated by org.testng.reporters.JUnitReportReporter -->
<testsuite hostname="Venkatesh" failures="0" tests="1" name="testcases.TC002_ValidLoginTest" time="7.822" errors="0" timestamp="2024-07-25T07:57:27 IST" skipped="0">
  <testcase classname="testcases.TC002_ValidLoginTest" name="ValidLoginCredential" time="7.822"/>
</testsuite> <!-- testcases.TC002_ValidLoginTest -->
