<?xml version="1.0" encoding="UTF-8"?>
<!-- Generated by org.testng.reporters.JUnitReportReporter -->
<testsuite hostname="Venkatesh" failures="0" tests="4" name="testcases.TC003_InvalidLoginTest" time="30.454" errors="0" timestamp="2024-07-25T07:57:27 IST" skipped="0">
  <testcase classname="testcases.TC003_InvalidLoginTest" name="InvalidLoginCredential" time="7.548"/>
  <testcase classname="testcases.TC003_InvalidLoginTest" name="InvalidLoginCredential" time="7.662"/>
  <testcase classname="testcases.TC003_InvalidLoginTest" name="InvalidLoginCredential" time="7.604"/>
  <testcase classname="testcases.TC003_InvalidLoginTest" name="InvalidLoginCredential" time="7.640"/>
</testsuite> <!-- testcases.TC003_InvalidLoginTest -->
