<?xml version="1.0" encoding="UTF-8"?>
<!-- Generated by org.testng.reporters.JUnitReportReporter -->
<testsuite hostname="Venkatesh" failures="0" tests="1" name="testcases.TC004_MedicareTest" time="13.607" errors="0" timestamp="2024-07-25T08:04:58 IST" skipped="0">
  <testcase classname="testcases.TC004_MedicareTest" name="MedicareProgramValidation" time="13.607"/>
</testsuite> <!-- testcases.TC004_MedicareTest -->
