<?xml version="1.0" encoding="UTF-8"?>
<!-- Generated by org.testng.reporters.JUnitReportReporter -->
<testsuite hostname="Venkatesh" failures="0" tests="4" name="testcases.TC003_InvalidLoginTest" time="33.964" errors="0" timestamp="2024-07-25T08:04:58 IST" skipped="0">
  <testcase classname="testcases.TC003_InvalidLoginTest" name="InvalidLoginCredential" time="8.365"/>
  <testcase classname="testcases.TC003_InvalidLoginTest" name="InvalidLoginCredential" time="8.240"/>
  <testcase classname="testcases.TC003_InvalidLoginTest" name="InvalidLoginCredential" time="8.640"/>
  <testcase classname="testcases.TC003_InvalidLoginTest" name="InvalidLoginCredential" time="8.719"/>
</testsuite> <!-- testcases.TC003_InvalidLoginTest -->
