<?xml version="1.0" encoding="UTF-8"?>
<!-- Generated by org.testng.reporters.JUnitReportReporter -->
<testsuite hostname="Venkatesh" failures="0" tests="1" name="testcases.TC005_MedicaidTest" time="13.106" errors="0" timestamp="2024-07-25T08:04:58 IST" skipped="0">
  <testcase classname="testcases.TC005_MedicaidTest" name="MedicaidProgramValidation" time="13.106"/>
</testsuite> <!-- testcases.TC005_MedicaidTest -->
